C:\USERS\ANIS\DOCUMENTS\VISUAL STUDIO 2012\PROJECTS\CPPPROJECT\CPPPROJECT\DEBUG\TEST.OBJ
C:\USERS\ANIS\DOCUMENTS\VISUAL STUDIO 2012\PROJECTS\CPPPROJECT\CPPPROJECT\DEBUG\STRING.OBJ
C:\USERS\ANIS\DOCUMENTS\VISUAL STUDIO 2012\PROJECTS\CPPPROJECT\CPPPROJECT\DEBUG\VC110.PDB
C:\Users\Anis\documents\visual studio 2012\Projects\cppproject\cppproject\Debug\String.obj
C:\Users\Anis\documents\visual studio 2012\Projects\cppproject\cppproject\Debug\Test.obj
C:\Users\Anis\documents\visual studio 2012\Projects\cppproject\cppproject\Debug\cl.command.1.tlog
C:\Users\Anis\documents\visual studio 2012\Projects\cppproject\cppproject\Debug\CL.read.1.tlog
C:\Users\Anis\documents\visual studio 2012\Projects\cppproject\cppproject\Debug\CL.write.1.tlog
C:\Users\Anis\documents\visual studio 2012\Projects\cppproject\cppproject\Debug\link-cvtres.read.1.tlog
C:\Users\Anis\documents\visual studio 2012\Projects\cppproject\cppproject\Debug\link-cvtres.write.1.tlog
C:\Users\Anis\documents\visual studio 2012\Projects\cppproject\cppproject\Debug\link-rc.read.1.tlog
C:\Users\Anis\documents\visual studio 2012\Projects\cppproject\cppproject\Debug\link-rc.write.1.tlog
C:\Users\Anis\documents\visual studio 2012\Projects\cppproject\cppproject\Debug\link.1492-cvtres.read.1.tlog
C:\Users\Anis\documents\visual studio 2012\Projects\cppproject\cppproject\Debug\link.1492-cvtres.write.1.tlog
C:\Users\Anis\documents\visual studio 2012\Projects\cppproject\cppproject\Debug\link.1492-rc.read.1.tlog
C:\Users\Anis\documents\visual studio 2012\Projects\cppproject\cppproject\Debug\link.1492-rc.write.1.tlog
C:\Users\Anis\documents\visual studio 2012\Projects\cppproject\cppproject\Debug\link.1492.read.1.tlog
C:\Users\Anis\documents\visual studio 2012\Projects\cppproject\cppproject\Debug\link.1492.write.1.tlog
C:\Users\Anis\documents\visual studio 2012\Projects\cppproject\cppproject\Debug\link.command.1.tlog
C:\Users\Anis\documents\visual studio 2012\Projects\cppproject\cppproject\Debug\link.read.1.tlog
C:\Users\Anis\documents\visual studio 2012\Projects\cppproject\cppproject\Debug\link.write.1.tlog
C:\Users\Anis\documents\visual studio 2012\Projects\cppproject\cppproject\Debug\vc110.idb
C:\Users\Anis\documents\visual studio 2012\Projects\cppproject\cppproject\Debug\vc110.pdb
C:\Users\Anis\documents\visual studio 2012\Projects\cppproject\Debug\cppproject.pdb
